usage: train.py [-h] [--work-dir WORK_DIR] [--amp] [--auto-scale-lr]
                [--resume [RESUME]]
                [--cfg-options CFG_OPTIONS [CFG_OPTIONS ...]]
                [--launcher {none,pytorch,slurm,mpi}]
                [--local_rank LOCAL_RANK]
                config
train.py: error: unrecognized arguments: ./train_log/EffDet.log
usage: train.py [-h] [--work-dir WORK_DIR] [--amp] [--auto-scale-lr]
                [--resume [RESUME]]
                [--cfg-options CFG_OPTIONS [CFG_OPTIONS ...]]
                [--launcher {none,pytorch,slurm,mpi}]
                [--local_rank LOCAL_RANK]
                config
train.py: error: unrecognized arguments: ./train_log/EffDet.log
10/21 02:01:46 - mmengine - INFO - 
------------------------------------------------------------
System environment:
    sys.platform: linux
    Python: 3.10.13 (main, Sep 11 2023, 13:44:35) [GCC 11.2.0]
    CUDA available: True
    MUSA available: False
    numpy_random_seed: 1577429936
    GPU 0: Tesla V100-SXM2-32GB
    CUDA_HOME: None
    GCC: gcc (Ubuntu 9.4.0-1ubuntu1~20.04.2) 9.4.0
    PyTorch: 1.12.1+cu116
    PyTorch compiling details: PyTorch built with:
  - GCC 9.3
  - C++ Version: 201402
  - Intel(R) Math Kernel Library Version 2020.0.0 Product Build 20191122 for Intel(R) 64 architecture applications
  - Intel(R) MKL-DNN v2.6.0 (Git Hash 52b5f107dd9cf10910aaa19cb47f3abf9b349815)
  - OpenMP 201511 (a.k.a. OpenMP 4.5)
  - LAPACK is enabled (usually provided by MKL)
  - NNPACK is enabled
  - CPU capability usage: AVX2
  - CUDA Runtime 11.6
  - NVCC architecture flags: -gencode;arch=compute_37,code=sm_37;-gencode;arch=compute_50,code=sm_50;-gencode;arch=compute_60,code=sm_60;-gencode;arch=compute_70,code=sm_70;-gencode;arch=compute_75,code=sm_75;-gencode;arch=compute_80,code=sm_80;-gencode;arch=compute_86,code=sm_86
  - CuDNN 8.3.2  (built against CUDA 11.5)
  - Magma 2.6.1
  - Build settings: BLAS_INFO=mkl, BUILD_TYPE=Release, CUDA_VERSION=11.6, CUDNN_VERSION=8.3.2, CXX_COMPILER=/opt/rh/devtoolset-9/root/usr/bin/c++, CXX_FLAGS= -fabi-version=11 -Wno-deprecated -fvisibility-inlines-hidden -DUSE_PTHREADPOOL -fopenmp -DNDEBUG -DUSE_KINETO -DUSE_FBGEMM -DUSE_QNNPACK -DUSE_PYTORCH_QNNPACK -DUSE_XNNPACK -DSYMBOLICATE_MOBILE_DEBUG_HANDLE -DEDGE_PROFILER_USE_KINETO -O2 -fPIC -Wno-narrowing -Wall -Wextra -Werror=return-type -Wno-missing-field-initializers -Wno-type-limits -Wno-array-bounds -Wno-unknown-pragmas -Wno-unused-parameter -Wno-unused-function -Wno-unused-result -Wno-unused-local-typedefs -Wno-strict-overflow -Wno-strict-aliasing -Wno-error=deprecated-declarations -Wno-stringop-overflow -Wno-psabi -Wno-error=pedantic -Wno-error=redundant-decls -Wno-error=old-style-cast -fdiagnostics-color=always -faligned-new -Wno-unused-but-set-variable -Wno-maybe-uninitialized -fno-math-errno -fno-trapping-math -Werror=format -Werror=cast-function-type -Wno-stringop-overflow, LAPACK_INFO=mkl, PERF_WITH_AVX=1, PERF_WITH_AVX2=1, PERF_WITH_AVX512=1, TORCH_VERSION=1.12.1, USE_CUDA=ON, USE_CUDNN=ON, USE_EXCEPTION_PTR=1, USE_GFLAGS=OFF, USE_GLOG=OFF, USE_MKL=ON, USE_MKLDNN=OFF, USE_MPI=OFF, USE_NCCL=ON, USE_NNPACK=ON, USE_OPENMP=ON, USE_ROCM=OFF, 

    TorchVision: 0.13.1+cu116
    OpenCV: 4.8.1
    MMEngine: 0.10.5

Runtime environment:
    cudnn_benchmark: True
    mp_cfg: {'mp_start_method': 'fork', 'opencv_num_threads': 0}
    dist_cfg: {'backend': 'nccl'}
    seed: 1577429936
    Distributed launcher: none
    Distributed training: False
    GPU number: 1
------------------------------------------------------------

10/21 02:01:47 - mmengine - INFO - Config:
auto_scale_lr = dict(base_batch_size=16, enable=False)
backend_args = None
batch_augments = [
    dict(size=(
        512,
        512,
    ), type='BatchFixedSizePad'),
]
checkpoint = 'https://download.openmmlab.com/mmclassification/v0/efficientnet/efficientnet-b0_3rdparty_8xb32-aa-advprop_in1k_20220119-26434485.pth'
custom_hooks = [
    dict(
        ema_type='ExpMomentumEMA',
        momentum=0.0002,
        priority=49,
        type='EMAHook',
        update_buffers=True),
]
custom_imports = dict(
    allow_failed_imports=False,
    imports=[
        'projects.EfficientDet.efficientdet',
    ])
data_root = '/data/ephemeral/home/dataset/'
dataset_type = 'TrashDataset'
default_hooks = dict(
    checkpoint=dict(_scope_='mmdet', interval=1, type='CheckpointHook'),
    logger=dict(_scope_='mmdet', interval=50, type='LoggerHook'),
    param_scheduler=dict(_scope_='mmdet', type='ParamSchedulerHook'),
    sampler_seed=dict(_scope_='mmdet', type='DistSamplerSeedHook'),
    timer=dict(_scope_='mmdet', type='IterTimerHook'),
    visualization=dict(_scope_='mmdet', type='DetVisualizationHook'))
default_scope = 'mmdet'
env_cfg = dict(
    cudnn_benchmark=True,
    dist_cfg=dict(backend='nccl'),
    mp_cfg=dict(mp_start_method='fork', opencv_num_threads=0))
evalute_type = 'CocoMetric'
image_size = 512
launcher = 'none'
load_from = None
log_level = 'INFO'
log_processor = dict(
    _scope_='mmdet', by_epoch=True, type='LogProcessor', window_size=50)
max_epochs = 30
model = dict(
    backbone=dict(
        arch='b0',
        conv_cfg=dict(type='Conv2dSamePadding'),
        drop_path_rate=0.2,
        frozen_stages=0,
        init_cfg=dict(
            checkpoint=
            'https://download.openmmlab.com/mmclassification/v0/efficientnet/efficientnet-b0_3rdparty_8xb32-aa-advprop_in1k_20220119-26434485.pth',
            prefix='backbone',
            type='Pretrained'),
        norm_cfg=dict(
            eps=0.001, momentum=0.01, requires_grad=True, type='SyncBN'),
        norm_eval=False,
        out_indices=(
            3,
            4,
            5,
        ),
        type='EfficientNet'),
    bbox_head=dict(
        anchor_generator=dict(
            center_offset=0.5,
            octave_base_scale=4,
            ratios=[
                1.0,
                0.5,
                2.0,
            ],
            scales_per_octave=3,
            strides=[
                8,
                16,
                32,
                64,
                128,
            ],
            type='AnchorGenerator'),
        bbox_coder=dict(
            target_means=[
                0.0,
                0.0,
                0.0,
                0.0,
            ],
            target_stds=[
                1.0,
                1.0,
                1.0,
                1.0,
            ],
            type='DeltaXYWHBBoxCoder'),
        feat_channels=64,
        in_channels=64,
        loss_bbox=dict(beta=0.1, loss_weight=50, type='HuberLoss'),
        loss_cls=dict(
            alpha=0.25,
            gamma=1.5,
            loss_weight=1.0,
            type='FocalLoss',
            use_sigmoid=True),
        norm_cfg=dict(
            eps=0.001, momentum=0.01, requires_grad=True, type='SyncBN'),
        num_classes=10,
        num_ins=5,
        stacked_convs=3,
        type='EfficientDetSepBNHead'),
    data_preprocessor=dict(
        batch_augments=[
            dict(size=(
                512,
                512,
            ), type='BatchFixedSizePad'),
        ],
        bgr_to_rgb=True,
        mean=[
            123.675,
            116.28,
            103.53,
        ],
        pad_size_divisor=512,
        std=[
            58.395,
            57.12,
            57.375,
        ],
        type='DetDataPreprocessor'),
    neck=dict(
        in_channels=[
            40,
            112,
            320,
        ],
        norm_cfg=dict(
            eps=0.001, momentum=0.01, requires_grad=True, type='SyncBN'),
        num_stages=3,
        out_channels=64,
        start_level=0,
        type='BiFPN'),
    test_cfg=dict(
        max_per_img=100,
        min_bbox_size=0,
        nms=dict(
            iou_threshold=0.3,
            method='gaussian',
            min_score=0.001,
            sigma=0.5,
            type='soft_nms'),
        nms_pre=1000,
        score_thr=0.05),
    train_cfg=dict(
        allowed_border=-1,
        assigner=dict(
            ignore_iof_thr=-1,
            min_pos_iou=0,
            neg_iou_thr=0.5,
            pos_iou_thr=0.5,
            type='MaxIoUAssigner'),
        debug=False,
        pos_weight=-1,
        sampler=dict(type='PseudoSampler')),
    type='EfficientDet')
norm_cfg = dict(eps=0.001, momentum=0.01, requires_grad=True, type='SyncBN')
optim_wrapper = dict(
    optimizer=dict(lr=0.02, momentum=0.9, type='SGD', weight_decay=0.0001),
    type='OptimWrapper')
param_scheduler = [
    dict(
        begin=0, by_epoch=False, end=500, start_factor=0.001, type='LinearLR'),
    dict(
        begin=0,
        by_epoch=True,
        end=12,
        gamma=0.1,
        milestones=[
            8,
            11,
        ],
        type='MultiStepLR'),
]
resume = False
test_pipeline = [
    dict(backend_args=None, type='LoadImageFromFile'),
    dict(keep_ratio=True, scale=(
        512,
        512,
    ), type='Resize'),
    dict(type='LoadAnnotations', with_bbox=True),
    dict(
        meta_keys=(
            'img_id',
            'img_path',
            'ori_shape',
            'img_shape',
            'scale_factor',
        ),
        type='PackDetInputs'),
]
train_cfg = dict(max_epochs=30, type='EpochBasedTrainLoop', val_interval=1)
train_dataloader = dict(
    batch_sampler=dict(_scope_='mmdet', type='AspectRatioBatchSampler'),
    batch_size=16,
    dataset=dict(
        _scope_='mmdet',
        ann_file='/data/ephemeral/home/dataset/train.json',
        backend_args=None,
        data_prefix=dict(img='/data/ephemeral/home/dataset/'),
        data_root='/data/ephemeral/home/dataset/',
        filter_cfg=dict(filter_empty_gt=True, min_size=32),
        pipeline=[
            dict(backend_args=None, type='LoadImageFromFile'),
            dict(type='LoadAnnotations', with_bbox=True),
            dict(
                keep_ratio=True,
                ratio_range=(
                    0.1,
                    2.0,
                ),
                scale=(
                    512,
                    512,
                ),
                type='RandomResize'),
            dict(crop_size=(
                512,
                512,
            ), type='RandomCrop'),
            dict(prob=0.5, type='RandomFlip'),
            dict(type='PackDetInputs'),
        ],
        type='TrashDataset'),
    num_workers=8,
    persistent_workers=True,
    sampler=dict(_scope_='mmdet', shuffle=True, type='DefaultSampler'))
train_pipeline = [
    dict(backend_args=None, type='LoadImageFromFile'),
    dict(type='LoadAnnotations', with_bbox=True),
    dict(
        keep_ratio=True,
        ratio_range=(
            0.1,
            2.0,
        ),
        scale=(
            512,
            512,
        ),
        type='RandomResize'),
    dict(crop_size=(
        512,
        512,
    ), type='RandomCrop'),
    dict(prob=0.5, type='RandomFlip'),
    dict(type='PackDetInputs'),
]
vis_backends = [
    dict(type='LocalVisBackend'),
    dict(type='TensorboardVisBackend'),
]
visualizer = dict(
    _scope_='mmdet',
    name='visualizer',
    type='DetLocalVisualizer',
    vis_backends=[
        dict(type='LocalVisBackend'),
        dict(type='TensorboardVisBackend'),
    ])
work_dir = './work_dirs/efficientdet_effb0_bifpn_8xb16-crop512-300e_coco_trash'

10/21 02:01:50 - mmengine - INFO - Distributed training is not used, all SyncBatchNorm (SyncBN) layers in the model will be automatically reverted to BatchNormXd layers if they are used.
10/21 02:01:50 - mmengine - INFO - Hooks will be executed in the following order:
before_run:
(VERY_HIGH   ) RuntimeInfoHook                    
(49          ) EMAHook                            
(BELOW_NORMAL) LoggerHook                         
 -------------------- 
after_load_checkpoint:
(49          ) EMAHook                            
 -------------------- 
before_train:
(VERY_HIGH   ) RuntimeInfoHook                    
(49          ) EMAHook                            
(NORMAL      ) IterTimerHook                      
(VERY_LOW    ) CheckpointHook                     
 -------------------- 
before_train_epoch:
(VERY_HIGH   ) RuntimeInfoHook                    
(NORMAL      ) IterTimerHook                      
(NORMAL      ) DistSamplerSeedHook                
 -------------------- 
before_train_iter:
(VERY_HIGH   ) RuntimeInfoHook                    
(NORMAL      ) IterTimerHook                      
 -------------------- 
after_train_iter:
(VERY_HIGH   ) RuntimeInfoHook                    
(49          ) EMAHook                            
(NORMAL      ) IterTimerHook                      
(BELOW_NORMAL) LoggerHook                         
(LOW         ) ParamSchedulerHook                 
(VERY_LOW    ) CheckpointHook                     
 -------------------- 
after_train_epoch:
(NORMAL      ) IterTimerHook                      
(LOW         ) ParamSchedulerHook                 
(VERY_LOW    ) CheckpointHook                     
 -------------------- 
before_val:
(VERY_HIGH   ) RuntimeInfoHook                    
 -------------------- 
before_val_epoch:
(49          ) EMAHook                            
(NORMAL      ) IterTimerHook                      
 -------------------- 
before_val_iter:
(NORMAL      ) IterTimerHook                      
 -------------------- 
after_val_iter:
(NORMAL      ) IterTimerHook                      
(NORMAL      ) DetVisualizationHook               
(BELOW_NORMAL) LoggerHook                         
 -------------------- 
after_val_epoch:
(VERY_HIGH   ) RuntimeInfoHook                    
(49          ) EMAHook                            
(NORMAL      ) IterTimerHook                      
(BELOW_NORMAL) LoggerHook                         
(LOW         ) ParamSchedulerHook                 
(VERY_LOW    ) CheckpointHook                     
 -------------------- 
after_val:
(VERY_HIGH   ) RuntimeInfoHook                    
 -------------------- 
before_save_checkpoint:
(49          ) EMAHook                            
 -------------------- 
after_train:
(VERY_HIGH   ) RuntimeInfoHook                    
(VERY_LOW    ) CheckpointHook                     
 -------------------- 
before_test:
(VERY_HIGH   ) RuntimeInfoHook                    
 -------------------- 
before_test_epoch:
(49          ) EMAHook                            
(NORMAL      ) IterTimerHook                      
 -------------------- 
before_test_iter:
(NORMAL      ) IterTimerHook                      
 -------------------- 
after_test_iter:
(NORMAL      ) IterTimerHook                      
(NORMAL      ) DetVisualizationHook               
(BELOW_NORMAL) LoggerHook                         
 -------------------- 
after_test_epoch:
(VERY_HIGH   ) RuntimeInfoHook                    
(49          ) EMAHook                            
(NORMAL      ) IterTimerHook                      
(BELOW_NORMAL) LoggerHook                         
 -------------------- 
after_test:
(VERY_HIGH   ) RuntimeInfoHook                    
 -------------------- 
after_run:
(BELOW_NORMAL) LoggerHook                         
 -------------------- 
loading annotations into memory...
Done (t=0.09s)
creating index...
index created!
10/21 02:01:51 - mmengine - INFO - load backbone in model from: https://download.openmmlab.com/mmclassification/v0/efficientnet/efficientnet-b0_3rdparty_8xb32-aa-advprop_in1k_20220119-26434485.pth
Loads checkpoint by http backend from path: https://download.openmmlab.com/mmclassification/v0/efficientnet/efficientnet-b0_3rdparty_8xb32-aa-advprop_in1k_20220119-26434485.pth
10/21 02:01:51 - mmengine - WARNING - The model and loaded state dict do not match exactly

unexpected key in source state_dict: layers.6.bn.running_var, layers.6.bn.running_mean, layers.6.bn.weight, layers.6.bn.bias, layers.6.conv.weight

10/21 02:01:51 - mmengine - WARNING - "FileClient" will be deprecated in future. Please use io functions in https://mmengine.readthedocs.io/en/latest/api/fileio.html#file-io
10/21 02:01:51 - mmengine - WARNING - "HardDiskBackend" is the alias of "LocalBackend" and the former will be deprecated in future.
10/21 02:01:51 - mmengine - INFO - Checkpoints will be saved to /data/ephemeral/home/level2-objectdetection-cv-20/mmdetection/work_dirs/efficientdet_effb0_bifpn_8xb16-crop512-300e_coco_trash.
10/21 02:02:12 - mmengine - INFO - Epoch(train)  [1][ 50/306]  lr: 1.9820e-03  eta: 1:02:49  time: 0.4129  data_time: 0.0388  memory: 10904  loss: 2.3390  loss_cls: 1.2028  loss_bbox: 1.1362
10/21 02:02:29 - mmengine - INFO - Epoch(train)  [1][100/306]  lr: 3.9840e-03  eta: 0:56:48  time: 0.3378  data_time: 0.0253  memory: 10902  loss: 1.8884  loss_cls: 1.1833  loss_bbox: 0.7051
10/21 02:02:46 - mmengine - INFO - Epoch(train)  [1][150/306]  lr: 5.9860e-03  eta: 0:54:36  time: 0.3377  data_time: 0.0254  memory: 10902  loss: 1.8925  loss_cls: 1.1753  loss_bbox: 0.7172
10/21 02:03:03 - mmengine - INFO - Epoch(train)  [1][200/306]  lr: 7.9880e-03  eta: 0:53:24  time: 0.3391  data_time: 0.0234  memory: 10902  loss: 1.8797  loss_cls: 1.1711  loss_bbox: 0.7086
10/21 02:03:19 - mmengine - INFO - Epoch(train)  [1][250/306]  lr: 9.9900e-03  eta: 0:52:30  time: 0.3365  data_time: 0.0232  memory: 10902  loss: 1.8340  loss_cls: 1.1588  loss_bbox: 0.6752
10/21 02:03:36 - mmengine - INFO - Epoch(train)  [1][300/306]  lr: 1.1992e-02  eta: 0:51:50  time: 0.3376  data_time: 0.0253  memory: 10902  loss: 1.8553  loss_cls: 1.1450  loss_bbox: 0.7104
10/21 02:03:39 - mmengine - INFO - Exp name: efficientdet_effb0_bifpn_8xb16-crop512-300e_coco_trash_20241021_020146
10/21 02:03:39 - mmengine - INFO - Saving checkpoint at 1 epochs
10/21 02:03:57 - mmengine - INFO - Epoch(train)  [2][ 50/306]  lr: 1.4234e-02  eta: 0:51:44  time: 0.3526  data_time: 0.0377  memory: 10902  loss: 1.7050  loss_cls: 1.0371  loss_bbox: 0.6678
10/21 02:04:14 - mmengine - INFO - Epoch(train)  [2][100/306]  lr: 1.6236e-02  eta: 0:51:09  time: 0.3362  data_time: 0.0246  memory: 10901  loss: 1.5779  loss_cls: 0.9357  loss_bbox: 0.6422
10/21 02:04:31 - mmengine - INFO - Epoch(train)  [2][150/306]  lr: 1.8238e-02  eta: 0:50:43  time: 0.3408  data_time: 0.0259  memory: 10901  loss: 1.4440  loss_cls: 0.8437  loss_bbox: 0.6002
10/21 02:04:48 - mmengine - INFO - Epoch(train)  [2][200/306]  lr: 2.0000e-02  eta: 0:50:13  time: 0.3340  data_time: 0.0233  memory: 10901  loss: 1.4018  loss_cls: 0.8086  loss_bbox: 0.5933
10/21 02:05:05 - mmengine - INFO - Epoch(train)  [2][250/306]  lr: 2.0000e-02  eta: 0:49:46  time: 0.3353  data_time: 0.0234  memory: 10901  loss: 1.3508  loss_cls: 0.7814  loss_bbox: 0.5694
10/21 02:05:22 - mmengine - INFO - Epoch(train)  [2][300/306]  lr: 2.0000e-02  eta: 0:49:25  time: 0.3408  data_time: 0.0277  memory: 10901  loss: 1.3069  loss_cls: 0.7752  loss_bbox: 0.5317
10/21 02:05:24 - mmengine - INFO - Exp name: efficientdet_effb0_bifpn_8xb16-crop512-300e_coco_trash_20241021_020146
10/21 02:05:24 - mmengine - INFO - Saving checkpoint at 2 epochs
10/21 02:05:42 - mmengine - INFO - Epoch(train)  [3][ 50/306]  lr: 2.0000e-02  eta: 0:49:06  time: 0.3502  data_time: 0.0330  memory: 10901  loss: 1.2671  loss_cls: 0.7597  loss_bbox: 0.5074
10/21 02:05:58 - mmengine - INFO - Epoch(train)  [3][100/306]  lr: 2.0000e-02  eta: 0:48:41  time: 0.3344  data_time: 0.0238  memory: 10901  loss: 1.2458  loss_cls: 0.7615  loss_bbox: 0.4843
10/21 02:06:15 - mmengine - INFO - Epoch(train)  [3][150/306]  lr: 2.0000e-02  eta: 0:48:20  time: 0.3371  data_time: 0.0266  memory: 10901  loss: 1.2051  loss_cls: 0.7380  loss_bbox: 0.4671
10/21 02:06:32 - mmengine - INFO - Epoch(train)  [3][200/306]  lr: 2.0000e-02  eta: 0:47:57  time: 0.3338  data_time: 0.0232  memory: 10901  loss: 1.2236  loss_cls: 0.7466  loss_bbox: 0.4770
10/21 02:06:49 - mmengine - INFO - Epoch(train)  [3][250/306]  lr: 2.0000e-02  eta: 0:47:39  time: 0.3412  data_time: 0.0261  memory: 10901  loss: 1.1910  loss_cls: 0.7317  loss_bbox: 0.4593
10/21 02:07:06 - mmengine - INFO - Epoch(train)  [3][300/306]  lr: 2.0000e-02  eta: 0:47:17  time: 0.3329  data_time: 0.0232  memory: 10901  loss: 1.1905  loss_cls: 0.7244  loss_bbox: 0.4661
10/21 02:07:07 - mmengine - INFO - Exp name: efficientdet_effb0_bifpn_8xb16-crop512-300e_coco_trash_20241021_020146
10/21 02:07:07 - mmengine - INFO - Saving checkpoint at 3 epochs
10/21 02:07:26 - mmengine - INFO - Epoch(train)  [4][ 50/306]  lr: 2.0000e-02  eta: 0:46:56  time: 0.3462  data_time: 0.0326  memory: 10901  loss: 1.1486  loss_cls: 0.7199  loss_bbox: 0.4287
10/21 02:07:36 - mmengine - INFO - Exp name: efficientdet_effb0_bifpn_8xb16-crop512-300e_coco_trash_20241021_020146
10/21 02:07:42 - mmengine - INFO - Epoch(train)  [4][100/306]  lr: 2.0000e-02  eta: 0:46:36  time: 0.3348  data_time: 0.0237  memory: 10901  loss: 1.1848  loss_cls: 0.7251  loss_bbox: 0.4598
10/21 02:07:59 - mmengine - INFO - Epoch(train)  [4][150/306]  lr: 2.0000e-02  eta: 0:46:17  time: 0.3390  data_time: 0.0231  memory: 10901  loss: 1.1426  loss_cls: 0.7114  loss_bbox: 0.4312
10/21 02:08:16 - mmengine - INFO - Epoch(train)  [4][200/306]  lr: 2.0000e-02  eta: 0:45:57  time: 0.3348  data_time: 0.0238  memory: 10901  loss: 1.1293  loss_cls: 0.6955  loss_bbox: 0.4338
10/21 02:08:33 - mmengine - INFO - Epoch(train)  [4][250/306]  lr: 2.0000e-02  eta: 0:45:39  time: 0.3386  data_time: 0.0255  memory: 10901  loss: 1.0996  loss_cls: 0.6824  loss_bbox: 0.4172
10/21 02:08:50 - mmengine - INFO - Epoch(train)  [4][300/306]  lr: 2.0000e-02  eta: 0:45:20  time: 0.3363  data_time: 0.0252  memory: 10901  loss: 1.0702  loss_cls: 0.6722  loss_bbox: 0.3980
10/21 02:08:51 - mmengine - INFO - Exp name: efficientdet_effb0_bifpn_8xb16-crop512-300e_coco_trash_20241021_020146
10/21 02:08:51 - mmengine - INFO - Saving checkpoint at 4 epochs
10/21 02:09:10 - mmengine - INFO - Epoch(train)  [5][ 50/306]  lr: 2.0000e-02  eta: 0:45:01  time: 0.3470  data_time: 0.0332  memory: 10901  loss: 1.0752  loss_cls: 0.6773  loss_bbox: 0.3979
10/21 02:09:27 - mmengine - INFO - Epoch(train)  [5][100/306]  lr: 2.0000e-02  eta: 0:44:43  time: 0.3382  data_time: 0.0238  memory: 10901  loss: 1.0817  loss_cls: 0.6753  loss_bbox: 0.4064
10/21 02:09:43 - mmengine - INFO - Epoch(train)  [5][150/306]  lr: 2.0000e-02  eta: 0:44:23  time: 0.3331  data_time: 0.0231  memory: 10901  loss: 1.0827  loss_cls: 0.6769  loss_bbox: 0.4058
10/21 02:10:00 - mmengine - INFO - Epoch(train)  [5][200/306]  lr: 2.0000e-02  eta: 0:44:04  time: 0.3339  data_time: 0.0236  memory: 10901  loss: 1.0776  loss_cls: 0.6728  loss_bbox: 0.4048
10/21 02:10:17 - mmengine - INFO - Epoch(train)  [5][250/306]  lr: 2.0000e-02  eta: 0:43:48  time: 0.3430  data_time: 0.0275  memory: 10906  loss: 1.0763  loss_cls: 0.6650  loss_bbox: 0.4113
10/21 02:10:34 - mmengine - INFO - Epoch(train)  [5][300/306]  lr: 2.0000e-02  eta: 0:43:29  time: 0.3356  data_time: 0.0239  memory: 10901  loss: 1.0312  loss_cls: 0.6636  loss_bbox: 0.3676
10/21 02:10:36 - mmengine - INFO - Exp name: efficientdet_effb0_bifpn_8xb16-crop512-300e_coco_trash_20241021_020146
10/21 02:10:36 - mmengine - INFO - Saving checkpoint at 5 epochs
10/21 02:10:54 - mmengine - INFO - Epoch(train)  [6][ 50/306]  lr: 2.0000e-02  eta: 0:43:11  time: 0.3488  data_time: 0.0361  memory: 10901  loss: 1.0449  loss_cls: 0.6522  loss_bbox: 0.3928
10/21 02:11:11 - mmengine - INFO - Epoch(train)  [6][100/306]  lr: 2.0000e-02  eta: 0:42:54  time: 0.3406  data_time: 0.0239  memory: 10901  loss: 1.0417  loss_cls: 0.6579  loss_bbox: 0.3838
10/21 02:11:28 - mmengine - INFO - Epoch(train)  [6][150/306]  lr: 2.0000e-02  eta: 0:42:37  time: 0.3417  data_time: 0.0240  memory: 10901  loss: 1.0262  loss_cls: 0.6521  loss_bbox: 0.3740
10/21 02:11:45 - mmengine - INFO - Epoch(train)  [6][200/306]  lr: 2.0000e-02  eta: 0:42:20  time: 0.3421  data_time: 0.0237  memory: 10901  loss: 1.0160  loss_cls: 0.6457  loss_bbox: 0.3703
10/21 02:12:02 - mmengine - INFO - Epoch(train)  [6][250/306]  lr: 2.0000e-02  eta: 0:42:02  time: 0.3383  data_time: 0.0264  memory: 10901  loss: 1.0003  loss_cls: 0.6426  loss_bbox: 0.3577
10/21 02:12:19 - mmengine - INFO - Epoch(train)  [6][300/306]  lr: 2.0000e-02  eta: 0:41:45  time: 0.3414  data_time: 0.0235  memory: 10901  loss: 1.0143  loss_cls: 0.6458  loss_bbox: 0.3685
10/21 02:12:21 - mmengine - INFO - Exp name: efficientdet_effb0_bifpn_8xb16-crop512-300e_coco_trash_20241021_020146
10/21 02:12:21 - mmengine - INFO - Saving checkpoint at 6 epochs
10/21 02:12:40 - mmengine - INFO - Epoch(train)  [7][ 50/306]  lr: 2.0000e-02  eta: 0:41:29  time: 0.3570  data_time: 0.0364  memory: 10901  loss: 1.0143  loss_cls: 0.6301  loss_bbox: 0.3842
10/21 02:12:56 - mmengine - INFO - Epoch(train)  [7][100/306]  lr: 2.0000e-02  eta: 0:41:11  time: 0.3381  data_time: 0.0242  memory: 10901  loss: 0.9992  loss_cls: 0.6336  loss_bbox: 0.3657
10/21 02:13:13 - mmengine - INFO - Epoch(train)  [7][150/306]  lr: 2.0000e-02  eta: 0:40:54  time: 0.3374  data_time: 0.0257  memory: 10901  loss: 0.9856  loss_cls: 0.6223  loss_bbox: 0.3633
10/21 02:13:18 - mmengine - INFO - Exp name: efficientdet_effb0_bifpn_8xb16-crop512-300e_coco_trash_20241021_020146
10/21 02:13:30 - mmengine - INFO - Epoch(train)  [7][200/306]  lr: 2.0000e-02  eta: 0:40:36  time: 0.3388  data_time: 0.0233  memory: 10901  loss: 1.0171  loss_cls: 0.6301  loss_bbox: 0.3870
10/21 02:13:47 - mmengine - INFO - Epoch(train)  [7][250/306]  lr: 2.0000e-02  eta: 0:40:18  time: 0.3353  data_time: 0.0241  memory: 10901  loss: 0.9949  loss_cls: 0.6320  loss_bbox: 0.3629
10/21 02:14:04 - mmengine - INFO - Epoch(train)  [7][300/306]  lr: 2.0000e-02  eta: 0:40:02  time: 0.3439  data_time: 0.0244  memory: 10901  loss: 0.9975  loss_cls: 0.6197  loss_bbox: 0.3778
10/21 02:14:06 - mmengine - INFO - Exp name: efficientdet_effb0_bifpn_8xb16-crop512-300e_coco_trash_20241021_020146
10/21 02:14:06 - mmengine - INFO - Saving checkpoint at 7 epochs
10/21 02:14:24 - mmengine - INFO - Epoch(train)  [8][ 50/306]  lr: 2.0000e-02  eta: 0:39:44  time: 0.3569  data_time: 0.0374  memory: 10901  loss: 0.9756  loss_cls: 0.6126  loss_bbox: 0.3629
10/21 02:14:42 - mmengine - INFO - Epoch(train)  [8][100/306]  lr: 2.0000e-02  eta: 0:39:28  time: 0.3428  data_time: 0.0245  memory: 10901  loss: 0.9809  loss_cls: 0.6084  loss_bbox: 0.3725
10/21 02:14:59 - mmengine - INFO - Epoch(train)  [8][150/306]  lr: 2.0000e-02  eta: 0:39:11  time: 0.3428  data_time: 0.0305  memory: 10901  loss: 0.9562  loss_cls: 0.6007  loss_bbox: 0.3555
10/21 02:15:16 - mmengine - INFO - Epoch(train)  [8][200/306]  lr: 2.0000e-02  eta: 0:38:53  time: 0.3387  data_time: 0.0262  memory: 10901  loss: 0.9526  loss_cls: 0.5964  loss_bbox: 0.3563
10/21 02:15:33 - mmengine - INFO - Epoch(train)  [8][250/306]  lr: 2.0000e-02  eta: 0:38:36  time: 0.3380  data_time: 0.0229  memory: 10901  loss: 0.9430  loss_cls: 0.5995  loss_bbox: 0.3434
10/21 02:15:50 - mmengine - INFO - Epoch(train)  [8][300/306]  lr: 2.0000e-02  eta: 0:38:19  time: 0.3428  data_time: 0.0265  memory: 10901  loss: 0.9570  loss_cls: 0.5962  loss_bbox: 0.3608
10/21 02:15:51 - mmengine - INFO - Exp name: efficientdet_effb0_bifpn_8xb16-crop512-300e_coco_trash_20241021_020146
10/21 02:15:51 - mmengine - INFO - Saving checkpoint at 8 epochs
10/21 02:16:10 - mmengine - INFO - Epoch(train)  [9][ 50/306]  lr: 2.0000e-03  eta: 0:38:00  time: 0.3529  data_time: 0.0349  memory: 10901  loss: 0.9460  loss_cls: 0.5879  loss_bbox: 0.3582
10/21 02:16:27 - mmengine - INFO - Epoch(train)  [9][100/306]  lr: 2.0000e-03  eta: 0:37:43  time: 0.3368  data_time: 0.0243  memory: 10901  loss: 0.9290  loss_cls: 0.5875  loss_bbox: 0.3415
10/21 02:16:44 - mmengine - INFO - Epoch(train)  [9][150/306]  lr: 2.0000e-03  eta: 0:37:26  time: 0.3397  data_time: 0.0230  memory: 10901  loss: 0.8937  loss_cls: 0.5739  loss_bbox: 0.3198
10/21 02:17:00 - mmengine - INFO - Epoch(train)  [9][200/306]  lr: 2.0000e-03  eta: 0:37:08  time: 0.3365  data_time: 0.0232  memory: 10901  loss: 0.9278  loss_cls: 0.5782  loss_bbox: 0.3496
10/21 02:17:18 - mmengine - INFO - Epoch(train)  [9][250/306]  lr: 2.0000e-03  eta: 0:36:51  time: 0.3447  data_time: 0.0258  memory: 10901  loss: 0.9238  loss_cls: 0.5766  loss_bbox: 0.3472
10/21 02:17:34 - mmengine - INFO - Epoch(train)  [9][300/306]  lr: 2.0000e-03  eta: 0:36:34  time: 0.3360  data_time: 0.0234  memory: 10901  loss: 0.9064  loss_cls: 0.5748  loss_bbox: 0.3317
10/21 02:17:36 - mmengine - INFO - Exp name: efficientdet_effb0_bifpn_8xb16-crop512-300e_coco_trash_20241021_020146
10/21 02:17:36 - mmengine - INFO - Saving checkpoint at 9 epochs
10/21 02:17:54 - mmengine - INFO - Epoch(train) [10][ 50/306]  lr: 2.0000e-03  eta: 0:36:15  time: 0.3480  data_time: 0.0333  memory: 10901  loss: 0.8961  loss_cls: 0.5709  loss_bbox: 0.3252
10/21 02:18:11 - mmengine - INFO - Epoch(train) [10][100/306]  lr: 2.0000e-03  eta: 0:35:57  time: 0.3360  data_time: 0.0236  memory: 10901  loss: 0.9085  loss_cls: 0.5712  loss_bbox: 0.3373
10/21 02:18:28 - mmengine - INFO - Epoch(train) [10][150/306]  lr: 2.0000e-03  eta: 0:35:40  time: 0.3421  data_time: 0.0244  memory: 10901  loss: 0.9358  loss_cls: 0.5798  loss_bbox: 0.3560
10/21 02:18:45 - mmengine - INFO - Epoch(train) [10][200/306]  lr: 2.0000e-03  eta: 0:35:22  time: 0.3358  data_time: 0.0235  memory: 10901  loss: 0.9027  loss_cls: 0.5683  loss_bbox: 0.3345
10/21 02:19:01 - mmengine - INFO - Exp name: efficientdet_effb0_bifpn_8xb16-crop512-300e_coco_trash_20241021_020146
10/21 02:19:02 - mmengine - INFO - Epoch(train) [10][250/306]  lr: 2.0000e-03  eta: 0:35:06  time: 0.3429  data_time: 0.0258  memory: 10901  loss: 0.9247  loss_cls: 0.5712  loss_bbox: 0.3535
10/21 02:19:19 - mmengine - INFO - Epoch(train) [10][300/306]  lr: 2.0000e-03  eta: 0:34:48  time: 0.3352  data_time: 0.0232  memory: 10901  loss: 0.9153  loss_cls: 0.5804  loss_bbox: 0.3349
10/21 02:19:21 - mmengine - INFO - Exp name: efficientdet_effb0_bifpn_8xb16-crop512-300e_coco_trash_20241021_020146
10/21 02:19:21 - mmengine - INFO - Saving checkpoint at 10 epochs
10/21 02:19:39 - mmengine - INFO - Epoch(train) [11][ 50/306]  lr: 2.0000e-03  eta: 0:34:30  time: 0.3563  data_time: 0.0356  memory: 10901  loss: 0.9141  loss_cls: 0.5795  loss_bbox: 0.3345
10/21 02:19:56 - mmengine - INFO - Epoch(train) [11][100/306]  lr: 2.0000e-03  eta: 0:34:13  time: 0.3395  data_time: 0.0237  memory: 10901  loss: 0.8823  loss_cls: 0.5645  loss_bbox: 0.3178
10/21 02:20:13 - mmengine - INFO - Epoch(train) [11][150/306]  lr: 2.0000e-03  eta: 0:33:55  time: 0.3370  data_time: 0.0233  memory: 10901  loss: 0.9274  loss_cls: 0.5719  loss_bbox: 0.3555
10/21 02:20:30 - mmengine - INFO - Epoch(train) [11][200/306]  lr: 2.0000e-03  eta: 0:33:38  time: 0.3345  data_time: 0.0232  memory: 10901  loss: 0.9005  loss_cls: 0.5659  loss_bbox: 0.3346
10/21 02:20:47 - mmengine - INFO - Epoch(train) [11][250/306]  lr: 2.0000e-03  eta: 0:33:21  time: 0.3411  data_time: 0.0263  memory: 10901  loss: 0.9019  loss_cls: 0.5646  loss_bbox: 0.3373
10/21 02:21:04 - mmengine - INFO - Epoch(train) [11][300/306]  lr: 2.0000e-03  eta: 0:33:03  time: 0.3341  data_time: 0.0238  memory: 10901  loss: 0.9228  loss_cls: 0.5768  loss_bbox: 0.3460
10/21 02:21:06 - mmengine - INFO - Exp name: efficientdet_effb0_bifpn_8xb16-crop512-300e_coco_trash_20241021_020146
10/21 02:21:06 - mmengine - INFO - Saving checkpoint at 11 epochs
10/21 02:21:24 - mmengine - INFO - Epoch(train) [12][ 50/306]  lr: 2.0000e-04  eta: 0:32:44  time: 0.3472  data_time: 0.0365  memory: 10901  loss: 0.9108  loss_cls: 0.5735  loss_bbox: 0.3374
10/21 02:21:41 - mmengine - INFO - Epoch(train) [12][100/306]  lr: 2.0000e-04  eta: 0:32:27  time: 0.3374  data_time: 0.0230  memory: 10901  loss: 0.9029  loss_cls: 0.5688  loss_bbox: 0.3341
10/21 02:21:57 - mmengine - INFO - Epoch(train) [12][150/306]  lr: 2.0000e-04  eta: 0:32:09  time: 0.3381  data_time: 0.0231  memory: 10901  loss: 0.9179  loss_cls: 0.5709  loss_bbox: 0.3469
10/21 02:22:15 - mmengine - INFO - Epoch(train) [12][200/306]  lr: 2.0000e-04  eta: 0:31:53  time: 0.3502  data_time: 0.0270  memory: 10901  loss: 0.9022  loss_cls: 0.5641  loss_bbox: 0.3381
10/21 02:22:32 - mmengine - INFO - Epoch(train) [12][250/306]  lr: 2.0000e-04  eta: 0:31:36  time: 0.3377  data_time: 0.0263  memory: 10901  loss: 0.8821  loss_cls: 0.5582  loss_bbox: 0.3239
10/21 02:22:49 - mmengine - INFO - Epoch(train) [12][300/306]  lr: 2.0000e-04  eta: 0:31:18  time: 0.3345  data_time: 0.0231  memory: 10901  loss: 0.8892  loss_cls: 0.5622  loss_bbox: 0.3270
10/21 02:22:50 - mmengine - INFO - Exp name: efficientdet_effb0_bifpn_8xb16-crop512-300e_coco_trash_20241021_020146
10/21 02:22:50 - mmengine - INFO - Saving checkpoint at 12 epochs
10/21 02:23:09 - mmengine - INFO - Epoch(train) [13][ 50/306]  lr: 2.0000e-04  eta: 0:30:59  time: 0.3491  data_time: 0.0344  memory: 10901  loss: 0.9169  loss_cls: 0.5710  loss_bbox: 0.3458
10/21 02:23:26 - mmengine - INFO - Epoch(train) [13][100/306]  lr: 2.0000e-04  eta: 0:30:42  time: 0.3402  data_time: 0.0275  memory: 10901  loss: 0.8935  loss_cls: 0.5640  loss_bbox: 0.3295
10/21 02:23:42 - mmengine - INFO - Epoch(train) [13][150/306]  lr: 2.0000e-04  eta: 0:30:25  time: 0.3363  data_time: 0.0248  memory: 10901  loss: 0.9026  loss_cls: 0.5611  loss_bbox: 0.3415
10/21 02:24:00 - mmengine - INFO - Epoch(train) [13][200/306]  lr: 2.0000e-04  eta: 0:30:08  time: 0.3423  data_time: 0.0252  memory: 10901  loss: 0.8957  loss_cls: 0.5699  loss_bbox: 0.3258
10/21 02:24:16 - mmengine - INFO - Epoch(train) [13][250/306]  lr: 2.0000e-04  eta: 0:29:51  time: 0.3349  data_time: 0.0237  memory: 10901  loss: 0.8848  loss_cls: 0.5611  loss_bbox: 0.3237
10/21 02:24:33 - mmengine - INFO - Epoch(train) [13][300/306]  lr: 2.0000e-04  eta: 0:29:34  time: 0.3395  data_time: 0.0243  memory: 10901  loss: 0.8918  loss_cls: 0.5697  loss_bbox: 0.3221
10/21 02:24:35 - mmengine - INFO - Exp name: efficientdet_effb0_bifpn_8xb16-crop512-300e_coco_trash_20241021_020146
10/21 02:24:35 - mmengine - INFO - Saving checkpoint at 13 epochs
10/21 02:24:43 - mmengine - INFO - Exp name: efficientdet_effb0_bifpn_8xb16-crop512-300e_coco_trash_20241021_020146
10/21 02:24:53 - mmengine - INFO - Epoch(train) [14][ 50/306]  lr: 2.0000e-04  eta: 0:29:15  time: 0.3489  data_time: 0.0319  memory: 10901  loss: 0.8897  loss_cls: 0.5545  loss_bbox: 0.3353
10/21 02:25:10 - mmengine - INFO - Epoch(train) [14][100/306]  lr: 2.0000e-04  eta: 0:28:57  time: 0.3384  data_time: 0.0257  memory: 10901  loss: 0.8987  loss_cls: 0.5686  loss_bbox: 0.3300
10/21 02:25:27 - mmengine - INFO - Epoch(train) [14][150/306]  lr: 2.0000e-04  eta: 0:28:40  time: 0.3361  data_time: 0.0230  memory: 10901  loss: 0.8992  loss_cls: 0.5632  loss_bbox: 0.3360
10/21 02:25:44 - mmengine - INFO - Epoch(train) [14][200/306]  lr: 2.0000e-04  eta: 0:28:23  time: 0.3370  data_time: 0.0226  memory: 10901  loss: 0.9161  loss_cls: 0.5725  loss_bbox: 0.3435
10/21 02:26:00 - mmengine - INFO - Epoch(train) [14][250/306]  lr: 2.0000e-04  eta: 0:28:05  time: 0.3353  data_time: 0.0233  memory: 10901  loss: 0.9038  loss_cls: 0.5700  loss_bbox: 0.3338
10/21 02:26:17 - mmengine - INFO - Epoch(train) [14][300/306]  lr: 2.0000e-04  eta: 0:27:48  time: 0.3397  data_time: 0.0282  memory: 10901  loss: 0.8839  loss_cls: 0.5683  loss_bbox: 0.3157
10/21 02:26:19 - mmengine - INFO - Exp name: efficientdet_effb0_bifpn_8xb16-crop512-300e_coco_trash_20241021_020146
10/21 02:26:19 - mmengine - INFO - Saving checkpoint at 14 epochs
10/21 02:26:37 - mmengine - INFO - Epoch(train) [15][ 50/306]  lr: 2.0000e-04  eta: 0:27:30  time: 0.3549  data_time: 0.0333  memory: 10901  loss: 0.8776  loss_cls: 0.5521  loss_bbox: 0.3255
10/21 02:26:54 - mmengine - INFO - Epoch(train) [15][100/306]  lr: 2.0000e-04  eta: 0:27:12  time: 0.3346  data_time: 0.0232  memory: 10901  loss: 0.9012  loss_cls: 0.5688  loss_bbox: 0.3324
10/21 02:27:11 - mmengine - INFO - Epoch(train) [15][150/306]  lr: 2.0000e-04  eta: 0:26:56  time: 0.3417  data_time: 0.0246  memory: 10901  loss: 0.9023  loss_cls: 0.5716  loss_bbox: 0.3307
10/21 02:27:28 - mmengine - INFO - Epoch(train) [15][200/306]  lr: 2.0000e-04  eta: 0:26:38  time: 0.3377  data_time: 0.0238  memory: 10901  loss: 0.8950  loss_cls: 0.5586  loss_bbox: 0.3364
10/21 02:27:45 - mmengine - INFO - Epoch(train) [15][250/306]  lr: 2.0000e-04  eta: 0:26:21  time: 0.3425  data_time: 0.0252  memory: 10901  loss: 0.8990  loss_cls: 0.5676  loss_bbox: 0.3314
10/21 02:28:02 - mmengine - INFO - Epoch(train) [15][300/306]  lr: 2.0000e-04  eta: 0:26:05  time: 0.3425  data_time: 0.0231  memory: 10901  loss: 0.9044  loss_cls: 0.5770  loss_bbox: 0.3274
10/21 02:28:04 - mmengine - INFO - Exp name: efficientdet_effb0_bifpn_8xb16-crop512-300e_coco_trash_20241021_020146
10/21 02:28:04 - mmengine - INFO - Saving checkpoint at 15 epochs
10/21 02:28:22 - mmengine - INFO - Epoch(train) [16][ 50/306]  lr: 2.0000e-04  eta: 0:25:46  time: 0.3515  data_time: 0.0329  memory: 10901  loss: 0.8970  loss_cls: 0.5649  loss_bbox: 0.3320
10/21 02:28:39 - mmengine - INFO - Epoch(train) [16][100/306]  lr: 2.0000e-04  eta: 0:25:29  time: 0.3368  data_time: 0.0230  memory: 10902  loss: 0.8871  loss_cls: 0.5692  loss_bbox: 0.3179
10/21 02:28:56 - mmengine - INFO - Epoch(train) [16][150/306]  lr: 2.0000e-04  eta: 0:25:12  time: 0.3418  data_time: 0.0273  memory: 10901  loss: 0.8923  loss_cls: 0.5582  loss_bbox: 0.3341
10/21 02:29:13 - mmengine - INFO - Epoch(train) [16][200/306]  lr: 2.0000e-04  eta: 0:24:54  time: 0.3393  data_time: 0.0228  memory: 10901  loss: 0.8916  loss_cls: 0.5579  loss_bbox: 0.3337
10/21 02:29:30 - mmengine - INFO - Epoch(train) [16][250/306]  lr: 2.0000e-04  eta: 0:24:38  time: 0.3436  data_time: 0.0260  memory: 10901  loss: 0.8920  loss_cls: 0.5649  loss_bbox: 0.3271
10/21 02:29:47 - mmengine - INFO - Epoch(train) [16][300/306]  lr: 2.0000e-04  eta: 0:24:21  time: 0.3401  data_time: 0.0230  memory: 10901  loss: 0.9056  loss_cls: 0.5666  loss_bbox: 0.3389
10/21 02:29:49 - mmengine - INFO - Exp name: efficientdet_effb0_bifpn_8xb16-crop512-300e_coco_trash_20241021_020146
10/21 02:29:49 - mmengine - INFO - Saving checkpoint at 16 epochs
10/21 02:30:08 - mmengine - INFO - Epoch(train) [17][ 50/306]  lr: 2.0000e-04  eta: 0:24:02  time: 0.3519  data_time: 0.0338  memory: 10901  loss: 0.8896  loss_cls: 0.5604  loss_bbox: 0.3293
10/21 02:30:25 - mmengine - INFO - Epoch(train) [17][100/306]  lr: 2.0000e-04  eta: 0:23:45  time: 0.3383  data_time: 0.0243  memory: 10901  loss: 0.8823  loss_cls: 0.5624  loss_bbox: 0.3199
10/21 02:30:26 - mmengine - INFO - Exp name: efficientdet_effb0_bifpn_8xb16-crop512-300e_coco_trash_20241021_020146
10/21 02:30:41 - mmengine - INFO - Epoch(train) [17][150/306]  lr: 2.0000e-04  eta: 0:23:27  time: 0.3344  data_time: 0.0231  memory: 10901  loss: 0.8953  loss_cls: 0.5660  loss_bbox: 0.3293
10/21 02:30:58 - mmengine - INFO - Epoch(train) [17][200/306]  lr: 2.0000e-04  eta: 0:23:10  time: 0.3337  data_time: 0.0230  memory: 10901  loss: 0.8781  loss_cls: 0.5645  loss_bbox: 0.3136
10/21 02:31:15 - mmengine - INFO - Epoch(train) [17][250/306]  lr: 2.0000e-04  eta: 0:22:53  time: 0.3380  data_time: 0.0231  memory: 10901  loss: 0.8926  loss_cls: 0.5586  loss_bbox: 0.3340
10/21 02:31:32 - mmengine - INFO - Epoch(train) [17][300/306]  lr: 2.0000e-04  eta: 0:22:36  time: 0.3361  data_time: 0.0245  memory: 10901  loss: 0.8874  loss_cls: 0.5639  loss_bbox: 0.3235
10/21 02:31:33 - mmengine - INFO - Exp name: efficientdet_effb0_bifpn_8xb16-crop512-300e_coco_trash_20241021_020146
10/21 02:31:33 - mmengine - INFO - Saving checkpoint at 17 epochs
10/21 02:31:52 - mmengine - INFO - Epoch(train) [18][ 50/306]  lr: 2.0000e-04  eta: 0:22:17  time: 0.3474  data_time: 0.0332  memory: 10901  loss: 0.9038  loss_cls: 0.5671  loss_bbox: 0.3367
10/21 02:32:09 - mmengine - INFO - Epoch(train) [18][100/306]  lr: 2.0000e-04  eta: 0:22:00  time: 0.3407  data_time: 0.0284  memory: 10901  loss: 0.8830  loss_cls: 0.5545  loss_bbox: 0.3285
10/21 02:32:25 - mmengine - INFO - Epoch(train) [18][150/306]  lr: 2.0000e-04  eta: 0:21:42  time: 0.3348  data_time: 0.0227  memory: 10901  loss: 0.8904  loss_cls: 0.5620  loss_bbox: 0.3284
10/21 02:32:42 - mmengine - INFO - Epoch(train) [18][200/306]  lr: 2.0000e-04  eta: 0:21:25  time: 0.3376  data_time: 0.0260  memory: 10901  loss: 0.8956  loss_cls: 0.5619  loss_bbox: 0.3337
10/21 02:32:59 - mmengine - INFO - Epoch(train) [18][250/306]  lr: 2.0000e-04  eta: 0:21:08  time: 0.3375  data_time: 0.0241  memory: 10901  loss: 0.9131  loss_cls: 0.5746  loss_bbox: 0.3386
10/21 02:33:17 - mmengine - INFO - Epoch(train) [18][300/306]  lr: 2.0000e-04  eta: 0:20:51  time: 0.3484  data_time: 0.0265  memory: 10901  loss: 0.8949  loss_cls: 0.5699  loss_bbox: 0.3250
10/21 02:33:18 - mmengine - INFO - Exp name: efficientdet_effb0_bifpn_8xb16-crop512-300e_coco_trash_20241021_020146
10/21 02:33:18 - mmengine - INFO - Saving checkpoint at 18 epochs
10/21 02:33:37 - mmengine - INFO - Epoch(train) [19][ 50/306]  lr: 2.0000e-04  eta: 0:20:33  time: 0.3509  data_time: 0.0339  memory: 10901  loss: 0.8931  loss_cls: 0.5583  loss_bbox: 0.3348
10/21 02:33:53 - mmengine - INFO - Epoch(train) [19][100/306]  lr: 2.0000e-04  eta: 0:20:15  time: 0.3365  data_time: 0.0224  memory: 10912  loss: 0.8901  loss_cls: 0.5653  loss_bbox: 0.3248
10/21 02:34:10 - mmengine - INFO - Epoch(train) [19][150/306]  lr: 2.0000e-04  eta: 0:19:58  time: 0.3368  data_time: 0.0231  memory: 10901  loss: 0.9067  loss_cls: 0.5692  loss_bbox: 0.3375
10/21 02:34:27 - mmengine - INFO - Epoch(train) [19][200/306]  lr: 2.0000e-04  eta: 0:19:41  time: 0.3395  data_time: 0.0267  memory: 10901  loss: 0.9236  loss_cls: 0.5758  loss_bbox: 0.3478
10/21 02:34:44 - mmengine - INFO - Epoch(train) [19][250/306]  lr: 2.0000e-04  eta: 0:19:24  time: 0.3378  data_time: 0.0262  memory: 10901  loss: 0.8672  loss_cls: 0.5533  loss_bbox: 0.3140
10/21 02:35:01 - mmengine - INFO - Epoch(train) [19][300/306]  lr: 2.0000e-04  eta: 0:19:07  time: 0.3382  data_time: 0.0226  memory: 10901  loss: 0.9010  loss_cls: 0.5684  loss_bbox: 0.3326
10/21 02:35:03 - mmengine - INFO - Exp name: efficientdet_effb0_bifpn_8xb16-crop512-300e_coco_trash_20241021_020146
10/21 02:35:03 - mmengine - INFO - Saving checkpoint at 19 epochs
10/21 02:35:21 - mmengine - INFO - Epoch(train) [20][ 50/306]  lr: 2.0000e-04  eta: 0:18:48  time: 0.3523  data_time: 0.0374  memory: 10901  loss: 0.8869  loss_cls: 0.5661  loss_bbox: 0.3208
10/21 02:35:38 - mmengine - INFO - Epoch(train) [20][100/306]  lr: 2.0000e-04  eta: 0:18:31  time: 0.3421  data_time: 0.0225  memory: 10901  loss: 0.9077  loss_cls: 0.5737  loss_bbox: 0.3340
10/21 02:35:55 - mmengine - INFO - Epoch(train) [20][150/306]  lr: 2.0000e-04  eta: 0:18:14  time: 0.3369  data_time: 0.0225  memory: 10901  loss: 0.9031  loss_cls: 0.5637  loss_bbox: 0.3394
10/21 02:36:07 - mmengine - INFO - Exp name: efficientdet_effb0_bifpn_8xb16-crop512-300e_coco_trash_20241021_020146
10/21 02:36:12 - mmengine - INFO - Epoch(train) [20][200/306]  lr: 2.0000e-04  eta: 0:17:57  time: 0.3355  data_time: 0.0226  memory: 10901  loss: 0.8929  loss_cls: 0.5626  loss_bbox: 0.3302
10/21 02:36:29 - mmengine - INFO - Epoch(train) [20][250/306]  lr: 2.0000e-04  eta: 0:17:40  time: 0.3420  data_time: 0.0261  memory: 10901  loss: 0.9024  loss_cls: 0.5605  loss_bbox: 0.3419
10/21 02:36:46 - mmengine - INFO - Epoch(train) [20][300/306]  lr: 2.0000e-04  eta: 0:17:23  time: 0.3369  data_time: 0.0232  memory: 10901  loss: 0.8866  loss_cls: 0.5640  loss_bbox: 0.3226
10/21 02:36:47 - mmengine - INFO - Exp name: efficientdet_effb0_bifpn_8xb16-crop512-300e_coco_trash_20241021_020146
10/21 02:36:47 - mmengine - INFO - Saving checkpoint at 20 epochs
10/21 02:37:06 - mmengine - INFO - Epoch(train) [21][ 50/306]  lr: 2.0000e-04  eta: 0:17:04  time: 0.3485  data_time: 0.0342  memory: 10901  loss: 0.8865  loss_cls: 0.5610  loss_bbox: 0.3255
10/21 02:37:23 - mmengine - INFO - Epoch(train) [21][100/306]  lr: 2.0000e-04  eta: 0:16:47  time: 0.3413  data_time: 0.0262  memory: 10901  loss: 0.8975  loss_cls: 0.5624  loss_bbox: 0.3351
10/21 02:37:40 - mmengine - INFO - Epoch(train) [21][150/306]  lr: 2.0000e-04  eta: 0:16:30  time: 0.3390  data_time: 0.0240  memory: 10901  loss: 0.8941  loss_cls: 0.5610  loss_bbox: 0.3332
10/21 02:37:57 - mmengine - INFO - Epoch(train) [21][200/306]  lr: 2.0000e-04  eta: 0:16:13  time: 0.3384  data_time: 0.0237  memory: 10901  loss: 0.8975  loss_cls: 0.5669  loss_bbox: 0.3306
10/21 02:38:13 - mmengine - INFO - Epoch(train) [21][250/306]  lr: 2.0000e-04  eta: 0:15:56  time: 0.3374  data_time: 0.0263  memory: 10901  loss: 0.8835  loss_cls: 0.5652  loss_bbox: 0.3182
10/21 02:38:30 - mmengine - INFO - Epoch(train) [21][300/306]  lr: 2.0000e-04  eta: 0:15:39  time: 0.3355  data_time: 0.0241  memory: 10901  loss: 0.8954  loss_cls: 0.5622  loss_bbox: 0.3332
10/21 02:38:32 - mmengine - INFO - Exp name: efficientdet_effb0_bifpn_8xb16-crop512-300e_coco_trash_20241021_020146
10/21 02:38:32 - mmengine - INFO - Saving checkpoint at 21 epochs
10/21 02:38:50 - mmengine - INFO - Epoch(train) [22][ 50/306]  lr: 2.0000e-04  eta: 0:15:20  time: 0.3472  data_time: 0.0323  memory: 10901  loss: 0.8845  loss_cls: 0.5558  loss_bbox: 0.3287
10/21 02:39:07 - mmengine - INFO - Epoch(train) [22][100/306]  lr: 2.0000e-04  eta: 0:15:03  time: 0.3398  data_time: 0.0244  memory: 10901  loss: 0.8980  loss_cls: 0.5627  loss_bbox: 0.3354
10/21 02:39:24 - mmengine - INFO - Epoch(train) [22][150/306]  lr: 2.0000e-04  eta: 0:14:45  time: 0.3344  data_time: 0.0232  memory: 10901  loss: 0.9077  loss_cls: 0.5671  loss_bbox: 0.3406
10/21 02:39:41 - mmengine - INFO - Epoch(train) [22][200/306]  lr: 2.0000e-04  eta: 0:14:28  time: 0.3388  data_time: 0.0229  memory: 10901  loss: 0.8905  loss_cls: 0.5661  loss_bbox: 0.3244
10/21 02:39:58 - mmengine - INFO - Epoch(train) [22][250/306]  lr: 2.0000e-04  eta: 0:14:11  time: 0.3373  data_time: 0.0248  memory: 10901  loss: 0.9036  loss_cls: 0.5643  loss_bbox: 0.3393
10/21 02:40:15 - mmengine - INFO - Epoch(train) [22][300/306]  lr: 2.0000e-04  eta: 0:13:54  time: 0.3352  data_time: 0.0232  memory: 10901  loss: 0.9100  loss_cls: 0.5683  loss_bbox: 0.3417
10/21 02:40:16 - mmengine - INFO - Exp name: efficientdet_effb0_bifpn_8xb16-crop512-300e_coco_trash_20241021_020146
10/21 02:40:16 - mmengine - INFO - Saving checkpoint at 22 epochs
10/21 02:40:35 - mmengine - INFO - Epoch(train) [23][ 50/306]  lr: 2.0000e-04  eta: 0:13:35  time: 0.3496  data_time: 0.0326  memory: 10901  loss: 0.9034  loss_cls: 0.5692  loss_bbox: 0.3342
10/21 02:40:51 - mmengine - INFO - Epoch(train) [23][100/306]  lr: 2.0000e-04  eta: 0:13:18  time: 0.3345  data_time: 0.0223  memory: 10901  loss: 0.8967  loss_cls: 0.5655  loss_bbox: 0.3312
10/21 02:41:08 - mmengine - INFO - Epoch(train) [23][150/306]  lr: 2.0000e-04  eta: 0:13:01  time: 0.3349  data_time: 0.0225  memory: 10901  loss: 0.8960  loss_cls: 0.5602  loss_bbox: 0.3359
10/21 02:41:25 - mmengine - INFO - Epoch(train) [23][200/306]  lr: 2.0000e-04  eta: 0:12:44  time: 0.3402  data_time: 0.0263  memory: 10901  loss: 0.9031  loss_cls: 0.5706  loss_bbox: 0.3326
10/21 02:41:42 - mmengine - INFO - Epoch(train) [23][250/306]  lr: 2.0000e-04  eta: 0:12:27  time: 0.3444  data_time: 0.0259  memory: 10909  loss: 0.8687  loss_cls: 0.5557  loss_bbox: 0.3130
10/21 02:41:48 - mmengine - INFO - Exp name: efficientdet_effb0_bifpn_8xb16-crop512-300e_coco_trash_20241021_020146
10/21 02:41:59 - mmengine - INFO - Epoch(train) [23][300/306]  lr: 2.0000e-04  eta: 0:12:10  time: 0.3387  data_time: 0.0223  memory: 10901  loss: 0.8932  loss_cls: 0.5627  loss_bbox: 0.3305
10/21 02:42:01 - mmengine - INFO - Exp name: efficientdet_effb0_bifpn_8xb16-crop512-300e_coco_trash_20241021_020146
10/21 02:42:01 - mmengine - INFO - Saving checkpoint at 23 epochs
10/21 02:42:19 - mmengine - INFO - Epoch(train) [24][ 50/306]  lr: 2.0000e-04  eta: 0:11:51  time: 0.3546  data_time: 0.0342  memory: 10901  loss: 0.8979  loss_cls: 0.5646  loss_bbox: 0.3332
10/21 02:42:36 - mmengine - INFO - Epoch(train) [24][100/306]  lr: 2.0000e-04  eta: 0:11:34  time: 0.3414  data_time: 0.0234  memory: 10901  loss: 0.8906  loss_cls: 0.5727  loss_bbox: 0.3180
10/21 02:42:53 - mmengine - INFO - Epoch(train) [24][150/306]  lr: 2.0000e-04  eta: 0:11:17  time: 0.3394  data_time: 0.0230  memory: 10901  loss: 0.8868  loss_cls: 0.5684  loss_bbox: 0.3184
10/21 02:43:10 - mmengine - INFO - Epoch(train) [24][200/306]  lr: 2.0000e-04  eta: 0:11:00  time: 0.3382  data_time: 0.0228  memory: 10901  loss: 0.8788  loss_cls: 0.5567  loss_bbox: 0.3221
10/21 02:43:27 - mmengine - INFO - Epoch(train) [24][250/306]  lr: 2.0000e-04  eta: 0:10:43  time: 0.3420  data_time: 0.0244  memory: 10901  loss: 0.8791  loss_cls: 0.5595  loss_bbox: 0.3196
10/21 02:43:44 - mmengine - INFO - Epoch(train) [24][300/306]  lr: 2.0000e-04  eta: 0:10:26  time: 0.3370  data_time: 0.0269  memory: 10901  loss: 0.8608  loss_cls: 0.5470  loss_bbox: 0.3138
10/21 02:43:46 - mmengine - INFO - Exp name: efficientdet_effb0_bifpn_8xb16-crop512-300e_coco_trash_20241021_020146
10/21 02:43:46 - mmengine - INFO - Saving checkpoint at 24 epochs
10/21 02:44:04 - mmengine - INFO - Epoch(train) [25][ 50/306]  lr: 2.0000e-04  eta: 0:10:07  time: 0.3525  data_time: 0.0360  memory: 10901  loss: 0.9216  loss_cls: 0.5779  loss_bbox: 0.3437
10/21 02:44:21 - mmengine - INFO - Epoch(train) [25][100/306]  lr: 2.0000e-04  eta: 0:09:50  time: 0.3363  data_time: 0.0236  memory: 10901  loss: 0.8845  loss_cls: 0.5615  loss_bbox: 0.3229
10/21 02:44:38 - mmengine - INFO - Epoch(train) [25][150/306]  lr: 2.0000e-04  eta: 0:09:33  time: 0.3405  data_time: 0.0230  memory: 10901  loss: 0.9134  loss_cls: 0.5693  loss_bbox: 0.3442
10/21 02:44:55 - mmengine - INFO - Epoch(train) [25][200/306]  lr: 2.0000e-04  eta: 0:09:16  time: 0.3347  data_time: 0.0230  memory: 10901  loss: 0.9057  loss_cls: 0.5712  loss_bbox: 0.3345
10/21 02:45:12 - mmengine - INFO - Epoch(train) [25][250/306]  lr: 2.0000e-04  eta: 0:08:59  time: 0.3394  data_time: 0.0248  memory: 10901  loss: 0.8884  loss_cls: 0.5575  loss_bbox: 0.3309
10/21 02:45:29 - mmengine - INFO - Epoch(train) [25][300/306]  lr: 2.0000e-04  eta: 0:08:42  time: 0.3354  data_time: 0.0233  memory: 10901  loss: 0.8762  loss_cls: 0.5555  loss_bbox: 0.3206
10/21 02:45:31 - mmengine - INFO - Exp name: efficientdet_effb0_bifpn_8xb16-crop512-300e_coco_trash_20241021_020146
10/21 02:45:31 - mmengine - INFO - Saving checkpoint at 25 epochs
10/21 02:45:49 - mmengine - INFO - Epoch(train) [26][ 50/306]  lr: 2.0000e-04  eta: 0:08:23  time: 0.3512  data_time: 0.0348  memory: 10901  loss: 0.8640  loss_cls: 0.5571  loss_bbox: 0.3068
10/21 02:46:06 - mmengine - INFO - Epoch(train) [26][100/306]  lr: 2.0000e-04  eta: 0:08:06  time: 0.3365  data_time: 0.0246  memory: 10901  loss: 0.8896  loss_cls: 0.5609  loss_bbox: 0.3287
10/21 02:46:23 - mmengine - INFO - Epoch(train) [26][150/306]  lr: 2.0000e-04  eta: 0:07:49  time: 0.3355  data_time: 0.0231  memory: 10901  loss: 0.8914  loss_cls: 0.5577  loss_bbox: 0.3337
10/21 02:46:39 - mmengine - INFO - Epoch(train) [26][200/306]  lr: 2.0000e-04  eta: 0:07:32  time: 0.3375  data_time: 0.0231  memory: 10901  loss: 0.8967  loss_cls: 0.5614  loss_bbox: 0.3353
10/21 02:46:56 - mmengine - INFO - Epoch(train) [26][250/306]  lr: 2.0000e-04  eta: 0:07:15  time: 0.3369  data_time: 0.0238  memory: 10901  loss: 0.8993  loss_cls: 0.5592  loss_bbox: 0.3401
10/21 02:47:14 - mmengine - INFO - Epoch(train) [26][300/306]  lr: 2.0000e-04  eta: 0:06:58  time: 0.3502  data_time: 0.0255  memory: 10901  loss: 0.8916  loss_cls: 0.5700  loss_bbox: 0.3216
10/21 02:47:16 - mmengine - INFO - Exp name: efficientdet_effb0_bifpn_8xb16-crop512-300e_coco_trash_20241021_020146
10/21 02:47:16 - mmengine - INFO - Saving checkpoint at 26 epochs
10/21 02:47:32 - mmengine - INFO - Exp name: efficientdet_effb0_bifpn_8xb16-crop512-300e_coco_trash_20241021_020146
10/21 02:47:34 - mmengine - INFO - Epoch(train) [27][ 50/306]  lr: 2.0000e-04  eta: 0:06:39  time: 0.3558  data_time: 0.0371  memory: 10912  loss: 0.8960  loss_cls: 0.5658  loss_bbox: 0.3302
10/21 02:47:51 - mmengine - INFO - Epoch(train) [27][100/306]  lr: 2.0000e-04  eta: 0:06:22  time: 0.3368  data_time: 0.0243  memory: 10901  loss: 0.8864  loss_cls: 0.5596  loss_bbox: 0.3268
10/21 02:48:08 - mmengine - INFO - Epoch(train) [27][150/306]  lr: 2.0000e-04  eta: 0:06:05  time: 0.3392  data_time: 0.0273  memory: 10901  loss: 0.9115  loss_cls: 0.5696  loss_bbox: 0.3419
10/21 02:48:25 - mmengine - INFO - Epoch(train) [27][200/306]  lr: 2.0000e-04  eta: 0:05:48  time: 0.3389  data_time: 0.0255  memory: 10901  loss: 0.8708  loss_cls: 0.5551  loss_bbox: 0.3157
10/21 02:48:42 - mmengine - INFO - Epoch(train) [27][250/306]  lr: 2.0000e-04  eta: 0:05:31  time: 0.3371  data_time: 0.0252  memory: 10901  loss: 0.8891  loss_cls: 0.5667  loss_bbox: 0.3225
10/21 02:48:59 - mmengine - INFO - Epoch(train) [27][300/306]  lr: 2.0000e-04  eta: 0:05:14  time: 0.3377  data_time: 0.0218  memory: 10901  loss: 0.9258  loss_cls: 0.5690  loss_bbox: 0.3568
10/21 02:49:00 - mmengine - INFO - Exp name: efficientdet_effb0_bifpn_8xb16-crop512-300e_coco_trash_20241021_020146
10/21 02:49:00 - mmengine - INFO - Saving checkpoint at 27 epochs
10/21 02:49:18 - mmengine - INFO - Epoch(train) [28][ 50/306]  lr: 2.0000e-04  eta: 0:04:55  time: 0.3503  data_time: 0.0333  memory: 10901  loss: 0.8779  loss_cls: 0.5582  loss_bbox: 0.3197
10/21 02:49:35 - mmengine - INFO - Epoch(train) [28][100/306]  lr: 2.0000e-04  eta: 0:04:38  time: 0.3347  data_time: 0.0246  memory: 10901  loss: 0.8782  loss_cls: 0.5581  loss_bbox: 0.3201
10/21 02:49:52 - mmengine - INFO - Epoch(train) [28][150/306]  lr: 2.0000e-04  eta: 0:04:21  time: 0.3393  data_time: 0.0240  memory: 10901  loss: 0.9010  loss_cls: 0.5684  loss_bbox: 0.3326
10/21 02:50:09 - mmengine - INFO - Epoch(train) [28][200/306]  lr: 2.0000e-04  eta: 0:04:04  time: 0.3389  data_time: 0.0263  memory: 10901  loss: 0.8980  loss_cls: 0.5699  loss_bbox: 0.3281
10/21 02:50:26 - mmengine - INFO - Epoch(train) [28][250/306]  lr: 2.0000e-04  eta: 0:03:47  time: 0.3376  data_time: 0.0231  memory: 10901  loss: 0.8903  loss_cls: 0.5525  loss_bbox: 0.3377
10/21 02:50:43 - mmengine - INFO - Epoch(train) [28][300/306]  lr: 2.0000e-04  eta: 0:03:30  time: 0.3351  data_time: 0.0225  memory: 10901  loss: 0.8939  loss_cls: 0.5637  loss_bbox: 0.3302
10/21 02:50:45 - mmengine - INFO - Exp name: efficientdet_effb0_bifpn_8xb16-crop512-300e_coco_trash_20241021_020146
10/21 02:50:45 - mmengine - INFO - Saving checkpoint at 28 epochs
10/21 02:51:03 - mmengine - INFO - Epoch(train) [29][ 50/306]  lr: 2.0000e-04  eta: 0:03:11  time: 0.3563  data_time: 0.0306  memory: 10901  loss: 0.8856  loss_cls: 0.5572  loss_bbox: 0.3283
10/21 02:51:20 - mmengine - INFO - Epoch(train) [29][100/306]  lr: 2.0000e-04  eta: 0:02:54  time: 0.3373  data_time: 0.0247  memory: 10901  loss: 0.9128  loss_cls: 0.5739  loss_bbox: 0.3389
10/21 02:51:37 - mmengine - INFO - Epoch(train) [29][150/306]  lr: 2.0000e-04  eta: 0:02:37  time: 0.3375  data_time: 0.0262  memory: 10901  loss: 0.8837  loss_cls: 0.5595  loss_bbox: 0.3242
10/21 02:51:54 - mmengine - INFO - Epoch(train) [29][200/306]  lr: 2.0000e-04  eta: 0:02:20  time: 0.3363  data_time: 0.0237  memory: 10901  loss: 0.8764  loss_cls: 0.5528  loss_bbox: 0.3236
10/21 02:52:11 - mmengine - INFO - Epoch(train) [29][250/306]  lr: 2.0000e-04  eta: 0:02:03  time: 0.3436  data_time: 0.0269  memory: 10901  loss: 0.9046  loss_cls: 0.5744  loss_bbox: 0.3302
10/21 02:52:28 - mmengine - INFO - Epoch(train) [29][300/306]  lr: 2.0000e-04  eta: 0:01:46  time: 0.3406  data_time: 0.0232  memory: 10901  loss: 0.9081  loss_cls: 0.5686  loss_bbox: 0.3395
10/21 02:52:30 - mmengine - INFO - Exp name: efficientdet_effb0_bifpn_8xb16-crop512-300e_coco_trash_20241021_020146
10/21 02:52:30 - mmengine - INFO - Saving checkpoint at 29 epochs
10/21 02:52:49 - mmengine - INFO - Epoch(train) [30][ 50/306]  lr: 2.0000e-04  eta: 0:01:27  time: 0.3695  data_time: 0.0392  memory: 10901  loss: 0.8898  loss_cls: 0.5591  loss_bbox: 0.3308
10/21 02:53:06 - mmengine - INFO - Epoch(train) [30][100/306]  lr: 2.0000e-04  eta: 0:01:10  time: 0.3370  data_time: 0.0230  memory: 10901  loss: 0.8771  loss_cls: 0.5611  loss_bbox: 0.3160
10/21 02:53:15 - mmengine - INFO - Exp name: efficientdet_effb0_bifpn_8xb16-crop512-300e_coco_trash_20241021_020146
10/21 02:53:23 - mmengine - INFO - Epoch(train) [30][150/306]  lr: 2.0000e-04  eta: 0:00:53  time: 0.3398  data_time: 0.0225  memory: 10901  loss: 0.8617  loss_cls: 0.5476  loss_bbox: 0.3141
10/21 02:53:40 - mmengine - INFO - Epoch(train) [30][200/306]  lr: 2.0000e-04  eta: 0:00:36  time: 0.3449  data_time: 0.0253  memory: 10901  loss: 0.8888  loss_cls: 0.5556  loss_bbox: 0.3332
10/21 02:53:57 - mmengine - INFO - Epoch(train) [30][250/306]  lr: 2.0000e-04  eta: 0:00:19  time: 0.3443  data_time: 0.0248  memory: 10901  loss: 0.8990  loss_cls: 0.5637  loss_bbox: 0.3353
10/21 02:54:15 - mmengine - INFO - Epoch(train) [30][300/306]  lr: 2.0000e-04  eta: 0:00:02  time: 0.3478  data_time: 0.0269  memory: 10901  loss: 0.8891  loss_cls: 0.5602  loss_bbox: 0.3288
10/21 02:54:16 - mmengine - INFO - Exp name: efficientdet_effb0_bifpn_8xb16-crop512-300e_coco_trash_20241021_020146
10/21 02:54:16 - mmengine - INFO - Saving checkpoint at 30 epochs
